<?xml version="1.0" encoding="UTF-8"?>
<testsuite xmlns:xsi="http://www.w3.org/2001/XMLSchema-instance" xsi:noNamespaceSchemaLocation="https://maven.apache.org/surefire/maven-surefire-plugin/xsd/surefire-test-report.xsd" name="web_testing.ExamplesTest" time="10.301" tests="6" errors="0" skipped="0" failures="0">
  <properties>
    <property name="gopherProxySet" value="false"/>
    <property name="awt.toolkit" value="sun.lwawt.macosx.LWCToolkit"/>
    <property name="file.encoding.pkg" value="sun.io"/>
    <property name="java.specification.version" value="1.8"/>
    <property name="sun.cpu.isalist" value=""/>
    <property name="sun.jnu.encoding" value="UTF-8"/>
    <property name="java.class.path" value="/Users/frafor/PERSONAL/DEVELOPMENT/PROJECTS/PERSONAL/the-internet-karate-testing/target/test-classes:/Users/frafor/PERSONAL/DEVELOPMENT/PROJECTS/PERSONAL/the-internet-karate-testing/target/classes:/Users/frafor/.m2/repository/com/intuit/karate/karate-apache/0.9.5/karate-apache-0.9.5.jar:/Users/frafor/.m2/repository/com/intuit/karate/karate-core/0.9.5/karate-core-0.9.5.jar:/Users/frafor/.m2/repository/io/netty/netty-handler/4.1.37.Final/netty-handler-4.1.37.Final.jar:/Users/frafor/.m2/repository/io/netty/netty-common/4.1.37.Final/netty-common-4.1.37.Final.jar:/Users/frafor/.m2/repository/io/netty/netty-buffer/4.1.37.Final/netty-buffer-4.1.37.Final.jar:/Users/frafor/.m2/repository/io/netty/netty-transport/4.1.37.Final/netty-transport-4.1.37.Final.jar:/Users/frafor/.m2/repository/io/netty/netty-resolver/4.1.37.Final/netty-resolver-4.1.37.Final.jar:/Users/frafor/.m2/repository/io/netty/netty-codec/4.1.37.Final/netty-codec-4.1.37.Final.jar:/Users/frafor/.m2/repository/io/netty/netty-codec-http/4.1.37.Final/netty-codec-http-4.1.37.Final.jar:/Users/frafor/.m2/repository/org/antlr/antlr4-runtime/4.7.1/antlr4-runtime-4.7.1.jar:/Users/frafor/.m2/repository/com/jayway/jsonpath/json-path/2.4.0/json-path-2.4.0.jar:/Users/frafor/.m2/repository/net/minidev/json-smart/2.3/json-smart-2.3.jar:/Users/frafor/.m2/repository/net/minidev/accessors-smart/1.2/accessors-smart-1.2.jar:/Users/frafor/.m2/repository/org/ow2/asm/asm/5.0.4/asm-5.0.4.jar:/Users/frafor/.m2/repository/info/cukes/cucumber-java/1.2.5/cucumber-java-1.2.5.jar:/Users/frafor/.m2/repository/info/cukes/cucumber-core/1.2.5/cucumber-core-1.2.5.jar:/Users/frafor/.m2/repository/org/yaml/snakeyaml/1.24/snakeyaml-1.24.jar:/Users/frafor/.m2/repository/de/siegmar/fastcsv/1.0.3/fastcsv-1.0.3.jar:/Users/frafor/.m2/repository/info/picocli/picocli/4.0.3/picocli-4.0.3.jar:/Users/frafor/.m2/repository/org/apache/httpcomponents/httpclient/4.5.11/httpclient-4.5.11.jar:/Users/frafor/.m2/repository/commons-codec/commons-codec/1.11/commons-codec-1.11.jar:/Users/frafor/.m2/repository/org/apache/httpcomponents/httpmime/4.5.11/httpmime-4.5.11.jar:/Users/frafor/.m2/repository/org/slf4j/jcl-over-slf4j/1.7.25/jcl-over-slf4j-1.7.25.jar:/Users/frafor/.m2/repository/org/slf4j/slf4j-api/1.7.25/slf4j-api-1.7.25.jar:/Users/frafor/.m2/repository/ch/qos/logback/logback-classic/1.2.3/logback-classic-1.2.3.jar:/Users/frafor/.m2/repository/ch/qos/logback/logback-core/1.2.3/logback-core-1.2.3.jar:/Users/frafor/.m2/repository/org/apache/maven/plugins/maven-gpg-plugin/1.5/maven-gpg-plugin-1.5.jar:/Users/frafor/.m2/repository/org/apache/maven/maven-plugin-api/2.0.6/maven-plugin-api-2.0.6.jar:/Users/frafor/.m2/repository/org/apache/maven/maven-project/2.0.6/maven-project-2.0.6.jar:/Users/frafor/.m2/repository/org/apache/maven/maven-profile/2.0.6/maven-profile-2.0.6.jar:/Users/frafor/.m2/repository/org/apache/maven/maven-plugin-registry/2.0.6/maven-plugin-registry-2.0.6.jar:/Users/frafor/.m2/repository/org/apache/maven/maven-artifact/2.0.6/maven-artifact-2.0.6.jar:/Users/frafor/.m2/repository/org/apache/maven/maven-model/2.0.6/maven-model-2.0.6.jar:/Users/frafor/.m2/repository/org/codehaus/plexus/plexus-utils/3.0.15/plexus-utils-3.0.15.jar:/Users/frafor/.m2/repository/org/apache/maven/plugins/maven-source-plugin/2.2.1/maven-source-plugin-2.2.1.jar:/Users/frafor/.m2/repository/org/apache/maven/maven-archiver/2.5/maven-archiver-2.5.jar:/Users/frafor/.m2/repository/org/codehaus/plexus/plexus-interpolation/1.15/plexus-interpolation-1.15.jar:/Users/frafor/.m2/repository/org/codehaus/plexus/plexus-archiver/2.2/plexus-archiver-2.2.jar:/Users/frafor/.m2/repository/org/codehaus/plexus/plexus-io/2.0.4/plexus-io-2.0.4.jar:/Users/frafor/.m2/repository/org/apache/maven/plugins/maven-javadoc-plugin/2.9.1/maven-javadoc-plugin-2.9.1.jar:/Users/frafor/.m2/repository/org/apache/maven/maven-core/2.2.1/maven-core-2.2.1.jar:/Users/frafor/.m2/repository/org/apache/maven/wagon/wagon-file/1.0-beta-6/wagon-file-1.0-beta-6.jar:/Users/frafor/.m2/repository/org/apache/maven/maven-plugin-parameter-documenter/2.2.1/maven-plugin-parameter-documenter-2.2.1.jar:/Users/frafor/.m2/repository/org/apache/maven/wagon/wagon-http-lightweight/1.0-beta-6/wagon-http-lightweight-1.0-beta-6.jar:/Users/frafor/.m2/repository/org/apache/maven/wagon/wagon-http-shared/1.0-beta-6/wagon-http-shared-1.0-beta-6.jar:/Users/frafor/.m2/repository/nekohtml/xercesMinimal/1.9.6.2/xercesMinimal-1.9.6.2.jar:/Users/frafor/.m2/repository/nekohtml/nekohtml/1.9.6.2/nekohtml-1.9.6.2.jar:/Users/frafor/.m2/repository/org/apache/maven/wagon/wagon-http/1.0-beta-6/wagon-http-1.0-beta-6.jar:/Users/frafor/.m2/repository/org/apache/maven/wagon/wagon-webdav-jackrabbit/1.0-beta-6/wagon-webdav-jackrabbit-1.0-beta-6.jar:/Users/frafor/.m2/repository/org/apache/jackrabbit/jackrabbit-webdav/1.5.0/jackrabbit-webdav-1.5.0.jar:/Users/frafor/.m2/repository/org/apache/jackrabbit/jackrabbit-jcr-commons/1.5.0/jackrabbit-jcr-commons-1.5.0.jar:/Users/frafor/.m2/repository/commons-httpclient/commons-httpclient/3.0/commons-httpclient-3.0.jar:/Users/frafor/.m2/repository/org/slf4j/slf4j-nop/1.5.3/slf4j-nop-1.5.3.jar:/Users/frafor/.m2/repository/org/slf4j/slf4j-jdk14/1.5.6/slf4j-jdk14-1.5.6.jar:/Users/frafor/.m2/repository/org/apache/maven/maven-repository-metadata/2.2.1/maven-repository-metadata-2.2.1.jar:/Users/frafor/.m2/repository/org/apache/maven/maven-error-diagnostics/2.2.1/maven-error-diagnostics-2.2.1.jar:/Users/frafor/.m2/repository/commons-cli/commons-cli/1.2/commons-cli-1.2.jar:/Users/frafor/.m2/repository/org/apache/maven/wagon/wagon-ssh-external/1.0-beta-6/wagon-ssh-external-1.0-beta-6.jar:/Users/frafor/.m2/repository/org/apache/maven/wagon/wagon-ssh-common/1.0-beta-6/wagon-ssh-common-1.0-beta-6.jar:/Users/frafor/.m2/repository/org/apache/maven/maven-plugin-descriptor/2.2.1/maven-plugin-descriptor-2.2.1.jar:/Users/frafor/.m2/repository/org/codehaus/plexus/plexus-interactivity-api/1.0-alpha-4/plexus-interactivity-api-1.0-alpha-4.jar:/Users/frafor/.m2/repository/org/apache/maven/maven-monitor/2.2.1/maven-monitor-2.2.1.jar:/Users/frafor/.m2/repository/org/apache/maven/wagon/wagon-ssh/1.0-beta-6/wagon-ssh-1.0-beta-6.jar:/Users/frafor/.m2/repository/com/jcraft/jsch/0.1.38/jsch-0.1.38.jar:/Users/frafor/.m2/repository/classworlds/classworlds/1.1/classworlds-1.1.jar:/Users/frafor/.m2/repository/org/sonatype/plexus/plexus-sec-dispatcher/1.3/plexus-sec-dispatcher-1.3.jar:/Users/frafor/.m2/repository/org/sonatype/plexus/plexus-cipher/1.4/plexus-cipher-1.4.jar:/Users/frafor/.m2/repository/org/apache/maven/maven-settings/2.2.1/maven-settings-2.2.1.jar:/Users/frafor/.m2/repository/org/apache/maven/maven-artifact-manager/2.2.1/maven-artifact-manager-2.2.1.jar:/Users/frafor/.m2/repository/backport-util-concurrent/backport-util-concurrent/3.1/backport-util-concurrent-3.1.jar:/Users/frafor/.m2/repository/org/apache/maven/maven-toolchain/2.2.1/maven-toolchain-2.2.1.jar:/Users/frafor/.m2/repository/org/apache/maven/reporting/maven-reporting-api/3.0/maven-reporting-api-3.0.jar:/Users/frafor/.m2/repository/org/apache/maven/shared/maven-invoker/2.0.9/maven-invoker-2.0.9.jar:/Users/frafor/.m2/repository/org/apache/maven/shared/maven-common-artifact-filters/1.3/maven-common-artifact-filters-1.3.jar:/Users/frafor/.m2/repository/org/apache/maven/doxia/doxia-sink-api/1.0/doxia-sink-api-1.0.jar:/Users/frafor/.m2/repository/org/apache/maven/doxia/doxia-site-renderer/1.0/doxia-site-renderer-1.0.jar:/Users/frafor/.m2/repository/org/apache/maven/doxia/doxia-core/1.0/doxia-core-1.0.jar:/Users/frafor/.m2/repository/org/codehaus/plexus/plexus-i18n/1.0-beta-7/plexus-i18n-1.0-beta-7.jar:/Users/frafor/.m2/repository/org/codehaus/plexus/plexus-velocity/1.1.7/plexus-velocity-1.1.7.jar:/Users/frafor/.m2/repository/org/apache/velocity/velocity/1.5/velocity-1.5.jar:/Users/frafor/.m2/repository/oro/oro/2.0.8/oro-2.0.8.jar:/Users/frafor/.m2/repository/org/apache/maven/doxia/doxia-decoration-model/1.0/doxia-decoration-model-1.0.jar:/Users/frafor/.m2/repository/commons-collections/commons-collections/3.2/commons-collections-3.2.jar:/Users/frafor/.m2/repository/org/apache/maven/doxia/doxia-module-apt/1.0/doxia-module-apt-1.0.jar:/Users/frafor/.m2/repository/org/apache/maven/doxia/doxia-module-fml/1.0/doxia-module-fml-1.0.jar:/Users/frafor/.m2/repository/org/apache/maven/doxia/doxia-module-xdoc/1.0/doxia-module-xdoc-1.0.jar:/Users/frafor/.m2/repository/org/apache/maven/doxia/doxia-module-xhtml/1.0/doxia-module-xhtml-1.0.jar:/Users/frafor/.m2/repository/org/apache/maven/wagon/wagon-provider-api/1.0-beta-6/wagon-provider-api-1.0-beta-6.jar:/Users/frafor/.m2/repository/commons-lang/commons-lang/2.4/commons-lang-2.4.jar:/Users/frafor/.m2/repository/commons-io/commons-io/2.2/commons-io-2.2.jar:/Users/frafor/.m2/repository/commons-logging/commons-logging/1.1.1/commons-logging-1.1.1.jar:/Users/frafor/.m2/repository/log4j/log4j/1.2.14/log4j-1.2.14.jar:/Users/frafor/.m2/repository/com/thoughtworks/qdox/qdox/1.12.1/qdox-1.12.1.jar:/Users/frafor/.m2/repository/org/codehaus/plexus/plexus-container-default/1.0-alpha-9/plexus-container-default-1.0-alpha-9.jar:/Users/frafor/.m2/repository/junit/junit/3.8.1/junit-3.8.1.jar:/Users/frafor/.m2/repository/org/apache/httpcomponents/httpcore/4.4.1/httpcore-4.4.1.jar:/Users/frafor/.m2/repository/com/intuit/karate/karate-junit5/0.9.5/karate-junit5-0.9.5.jar:/Users/frafor/.m2/repository/org/junit/jupiter/junit-jupiter-api/5.5.0/junit-jupiter-api-5.5.0.jar:/Users/frafor/.m2/repository/org/apiguardian/apiguardian-api/1.1.0/apiguardian-api-1.1.0.jar:/Users/frafor/.m2/repository/org/opentest4j/opentest4j/1.2.0/opentest4j-1.2.0.jar:/Users/frafor/.m2/repository/org/junit/platform/junit-platform-commons/1.5.0/junit-platform-commons-1.5.0.jar:/Users/frafor/.m2/repository/org/junit/jupiter/junit-jupiter-engine/5.5.0/junit-jupiter-engine-5.5.0.jar:/Users/frafor/.m2/repository/org/junit/platform/junit-platform-engine/1.5.0/junit-platform-engine-1.5.0.jar:"/>
    <property name="java.vm.vendor" value="AdoptOpenJDK"/>
    <property name="sun.arch.data.model" value="64"/>
    <property name="java.vendor.url" value="http://java.oracle.com/"/>
    <property name="user.timezone" value=""/>
    <property name="java.vm.specification.version" value="1.8"/>
    <property name="os.name" value="Mac OS X"/>
    <property name="user.country" value="IT"/>
    <property name="sun.java.launcher" value="SUN_STANDARD"/>
    <property name="sun.boot.library.path" value="/Library/Java/JavaVirtualMachines/adoptopenjdk-8.jdk/Contents/Home/jre/lib"/>
    <property name="sun.java.command" value="/Users/frafor/PERSONAL/DEVELOPMENT/PROJECTS/PERSONAL/the-internet-karate-testing/target/surefire/surefirebooter2887544442554468766.jar /Users/frafor/PERSONAL/DEVELOPMENT/PROJECTS/PERSONAL/the-internet-karate-testing/target/surefire 2020-03-29T18-25-17_338-jvmRun1 surefire16907578717169405tmp surefire_06147666594414974401tmp"/>
    <property name="http.nonProxyHosts" value="local|*.local|169.254/16|*.169.254/16"/>
    <property name="surefire.test.class.path" value="/Users/frafor/PERSONAL/DEVELOPMENT/PROJECTS/PERSONAL/the-internet-karate-testing/target/test-classes:/Users/frafor/PERSONAL/DEVELOPMENT/PROJECTS/PERSONAL/the-internet-karate-testing/target/classes:/Users/frafor/.m2/repository/com/intuit/karate/karate-apache/0.9.5/karate-apache-0.9.5.jar:/Users/frafor/.m2/repository/com/intuit/karate/karate-core/0.9.5/karate-core-0.9.5.jar:/Users/frafor/.m2/repository/io/netty/netty-handler/4.1.37.Final/netty-handler-4.1.37.Final.jar:/Users/frafor/.m2/repository/io/netty/netty-common/4.1.37.Final/netty-common-4.1.37.Final.jar:/Users/frafor/.m2/repository/io/netty/netty-buffer/4.1.37.Final/netty-buffer-4.1.37.Final.jar:/Users/frafor/.m2/repository/io/netty/netty-transport/4.1.37.Final/netty-transport-4.1.37.Final.jar:/Users/frafor/.m2/repository/io/netty/netty-resolver/4.1.37.Final/netty-resolver-4.1.37.Final.jar:/Users/frafor/.m2/repository/io/netty/netty-codec/4.1.37.Final/netty-codec-4.1.37.Final.jar:/Users/frafor/.m2/repository/io/netty/netty-codec-http/4.1.37.Final/netty-codec-http-4.1.37.Final.jar:/Users/frafor/.m2/repository/org/antlr/antlr4-runtime/4.7.1/antlr4-runtime-4.7.1.jar:/Users/frafor/.m2/repository/com/jayway/jsonpath/json-path/2.4.0/json-path-2.4.0.jar:/Users/frafor/.m2/repository/net/minidev/json-smart/2.3/json-smart-2.3.jar:/Users/frafor/.m2/repository/net/minidev/accessors-smart/1.2/accessors-smart-1.2.jar:/Users/frafor/.m2/repository/org/ow2/asm/asm/5.0.4/asm-5.0.4.jar:/Users/frafor/.m2/repository/info/cukes/cucumber-java/1.2.5/cucumber-java-1.2.5.jar:/Users/frafor/.m2/repository/info/cukes/cucumber-core/1.2.5/cucumber-core-1.2.5.jar:/Users/frafor/.m2/repository/org/yaml/snakeyaml/1.24/snakeyaml-1.24.jar:/Users/frafor/.m2/repository/de/siegmar/fastcsv/1.0.3/fastcsv-1.0.3.jar:/Users/frafor/.m2/repository/info/picocli/picocli/4.0.3/picocli-4.0.3.jar:/Users/frafor/.m2/repository/org/apache/httpcomponents/httpclient/4.5.11/httpclient-4.5.11.jar:/Users/frafor/.m2/repository/commons-codec/commons-codec/1.11/commons-codec-1.11.jar:/Users/frafor/.m2/repository/org/apache/httpcomponents/httpmime/4.5.11/httpmime-4.5.11.jar:/Users/frafor/.m2/repository/org/slf4j/jcl-over-slf4j/1.7.25/jcl-over-slf4j-1.7.25.jar:/Users/frafor/.m2/repository/org/slf4j/slf4j-api/1.7.25/slf4j-api-1.7.25.jar:/Users/frafor/.m2/repository/ch/qos/logback/logback-classic/1.2.3/logback-classic-1.2.3.jar:/Users/frafor/.m2/repository/ch/qos/logback/logback-core/1.2.3/logback-core-1.2.3.jar:/Users/frafor/.m2/repository/org/apache/maven/plugins/maven-gpg-plugin/1.5/maven-gpg-plugin-1.5.jar:/Users/frafor/.m2/repository/org/apache/maven/maven-plugin-api/2.0.6/maven-plugin-api-2.0.6.jar:/Users/frafor/.m2/repository/org/apache/maven/maven-project/2.0.6/maven-project-2.0.6.jar:/Users/frafor/.m2/repository/org/apache/maven/maven-profile/2.0.6/maven-profile-2.0.6.jar:/Users/frafor/.m2/repository/org/apache/maven/maven-plugin-registry/2.0.6/maven-plugin-registry-2.0.6.jar:/Users/frafor/.m2/repository/org/apache/maven/maven-artifact/2.0.6/maven-artifact-2.0.6.jar:/Users/frafor/.m2/repository/org/apache/maven/maven-model/2.0.6/maven-model-2.0.6.jar:/Users/frafor/.m2/repository/org/codehaus/plexus/plexus-utils/3.0.15/plexus-utils-3.0.15.jar:/Users/frafor/.m2/repository/org/apache/maven/plugins/maven-source-plugin/2.2.1/maven-source-plugin-2.2.1.jar:/Users/frafor/.m2/repository/org/apache/maven/maven-archiver/2.5/maven-archiver-2.5.jar:/Users/frafor/.m2/repository/org/codehaus/plexus/plexus-interpolation/1.15/plexus-interpolation-1.15.jar:/Users/frafor/.m2/repository/org/codehaus/plexus/plexus-archiver/2.2/plexus-archiver-2.2.jar:/Users/frafor/.m2/repository/org/codehaus/plexus/plexus-io/2.0.4/plexus-io-2.0.4.jar:/Users/frafor/.m2/repository/org/apache/maven/plugins/maven-javadoc-plugin/2.9.1/maven-javadoc-plugin-2.9.1.jar:/Users/frafor/.m2/repository/org/apache/maven/maven-core/2.2.1/maven-core-2.2.1.jar:/Users/frafor/.m2/repository/org/apache/maven/wagon/wagon-file/1.0-beta-6/wagon-file-1.0-beta-6.jar:/Users/frafor/.m2/repository/org/apache/maven/maven-plugin-parameter-documenter/2.2.1/maven-plugin-parameter-documenter-2.2.1.jar:/Users/frafor/.m2/repository/org/apache/maven/wagon/wagon-http-lightweight/1.0-beta-6/wagon-http-lightweight-1.0-beta-6.jar:/Users/frafor/.m2/repository/org/apache/maven/wagon/wagon-http-shared/1.0-beta-6/wagon-http-shared-1.0-beta-6.jar:/Users/frafor/.m2/repository/nekohtml/xercesMinimal/1.9.6.2/xercesMinimal-1.9.6.2.jar:/Users/frafor/.m2/repository/nekohtml/nekohtml/1.9.6.2/nekohtml-1.9.6.2.jar:/Users/frafor/.m2/repository/org/apache/maven/wagon/wagon-http/1.0-beta-6/wagon-http-1.0-beta-6.jar:/Users/frafor/.m2/repository/org/apache/maven/wagon/wagon-webdav-jackrabbit/1.0-beta-6/wagon-webdav-jackrabbit-1.0-beta-6.jar:/Users/frafor/.m2/repository/org/apache/jackrabbit/jackrabbit-webdav/1.5.0/jackrabbit-webdav-1.5.0.jar:/Users/frafor/.m2/repository/org/apache/jackrabbit/jackrabbit-jcr-commons/1.5.0/jackrabbit-jcr-commons-1.5.0.jar:/Users/frafor/.m2/repository/commons-httpclient/commons-httpclient/3.0/commons-httpclient-3.0.jar:/Users/frafor/.m2/repository/org/slf4j/slf4j-nop/1.5.3/slf4j-nop-1.5.3.jar:/Users/frafor/.m2/repository/org/slf4j/slf4j-jdk14/1.5.6/slf4j-jdk14-1.5.6.jar:/Users/frafor/.m2/repository/org/apache/maven/maven-repository-metadata/2.2.1/maven-repository-metadata-2.2.1.jar:/Users/frafor/.m2/repository/org/apache/maven/maven-error-diagnostics/2.2.1/maven-error-diagnostics-2.2.1.jar:/Users/frafor/.m2/repository/commons-cli/commons-cli/1.2/commons-cli-1.2.jar:/Users/frafor/.m2/repository/org/apache/maven/wagon/wagon-ssh-external/1.0-beta-6/wagon-ssh-external-1.0-beta-6.jar:/Users/frafor/.m2/repository/org/apache/maven/wagon/wagon-ssh-common/1.0-beta-6/wagon-ssh-common-1.0-beta-6.jar:/Users/frafor/.m2/repository/org/apache/maven/maven-plugin-descriptor/2.2.1/maven-plugin-descriptor-2.2.1.jar:/Users/frafor/.m2/repository/org/codehaus/plexus/plexus-interactivity-api/1.0-alpha-4/plexus-interactivity-api-1.0-alpha-4.jar:/Users/frafor/.m2/repository/org/apache/maven/maven-monitor/2.2.1/maven-monitor-2.2.1.jar:/Users/frafor/.m2/repository/org/apache/maven/wagon/wagon-ssh/1.0-beta-6/wagon-ssh-1.0-beta-6.jar:/Users/frafor/.m2/repository/com/jcraft/jsch/0.1.38/jsch-0.1.38.jar:/Users/frafor/.m2/repository/classworlds/classworlds/1.1/classworlds-1.1.jar:/Users/frafor/.m2/repository/org/sonatype/plexus/plexus-sec-dispatcher/1.3/plexus-sec-dispatcher-1.3.jar:/Users/frafor/.m2/repository/org/sonatype/plexus/plexus-cipher/1.4/plexus-cipher-1.4.jar:/Users/frafor/.m2/repository/org/apache/maven/maven-settings/2.2.1/maven-settings-2.2.1.jar:/Users/frafor/.m2/repository/org/apache/maven/maven-artifact-manager/2.2.1/maven-artifact-manager-2.2.1.jar:/Users/frafor/.m2/repository/backport-util-concurrent/backport-util-concurrent/3.1/backport-util-concurrent-3.1.jar:/Users/frafor/.m2/repository/org/apache/maven/maven-toolchain/2.2.1/maven-toolchain-2.2.1.jar:/Users/frafor/.m2/repository/org/apache/maven/reporting/maven-reporting-api/3.0/maven-reporting-api-3.0.jar:/Users/frafor/.m2/repository/org/apache/maven/shared/maven-invoker/2.0.9/maven-invoker-2.0.9.jar:/Users/frafor/.m2/repository/org/apache/maven/shared/maven-common-artifact-filters/1.3/maven-common-artifact-filters-1.3.jar:/Users/frafor/.m2/repository/org/apache/maven/doxia/doxia-sink-api/1.0/doxia-sink-api-1.0.jar:/Users/frafor/.m2/repository/org/apache/maven/doxia/doxia-site-renderer/1.0/doxia-site-renderer-1.0.jar:/Users/frafor/.m2/repository/org/apache/maven/doxia/doxia-core/1.0/doxia-core-1.0.jar:/Users/frafor/.m2/repository/org/codehaus/plexus/plexus-i18n/1.0-beta-7/plexus-i18n-1.0-beta-7.jar:/Users/frafor/.m2/repository/org/codehaus/plexus/plexus-velocity/1.1.7/plexus-velocity-1.1.7.jar:/Users/frafor/.m2/repository/org/apache/velocity/velocity/1.5/velocity-1.5.jar:/Users/frafor/.m2/repository/oro/oro/2.0.8/oro-2.0.8.jar:/Users/frafor/.m2/repository/org/apache/maven/doxia/doxia-decoration-model/1.0/doxia-decoration-model-1.0.jar:/Users/frafor/.m2/repository/commons-collections/commons-collections/3.2/commons-collections-3.2.jar:/Users/frafor/.m2/repository/org/apache/maven/doxia/doxia-module-apt/1.0/doxia-module-apt-1.0.jar:/Users/frafor/.m2/repository/org/apache/maven/doxia/doxia-module-fml/1.0/doxia-module-fml-1.0.jar:/Users/frafor/.m2/repository/org/apache/maven/doxia/doxia-module-xdoc/1.0/doxia-module-xdoc-1.0.jar:/Users/frafor/.m2/repository/org/apache/maven/doxia/doxia-module-xhtml/1.0/doxia-module-xhtml-1.0.jar:/Users/frafor/.m2/repository/org/apache/maven/wagon/wagon-provider-api/1.0-beta-6/wagon-provider-api-1.0-beta-6.jar:/Users/frafor/.m2/repository/commons-lang/commons-lang/2.4/commons-lang-2.4.jar:/Users/frafor/.m2/repository/commons-io/commons-io/2.2/commons-io-2.2.jar:/Users/frafor/.m2/repository/commons-logging/commons-logging/1.1.1/commons-logging-1.1.1.jar:/Users/frafor/.m2/repository/log4j/log4j/1.2.14/log4j-1.2.14.jar:/Users/frafor/.m2/repository/com/thoughtworks/qdox/qdox/1.12.1/qdox-1.12.1.jar:/Users/frafor/.m2/repository/org/codehaus/plexus/plexus-container-default/1.0-alpha-9/plexus-container-default-1.0-alpha-9.jar:/Users/frafor/.m2/repository/junit/junit/3.8.1/junit-3.8.1.jar:/Users/frafor/.m2/repository/org/apache/httpcomponents/httpcore/4.4.1/httpcore-4.4.1.jar:/Users/frafor/.m2/repository/com/intuit/karate/karate-junit5/0.9.5/karate-junit5-0.9.5.jar:/Users/frafor/.m2/repository/org/junit/jupiter/junit-jupiter-api/5.5.0/junit-jupiter-api-5.5.0.jar:/Users/frafor/.m2/repository/org/apiguardian/apiguardian-api/1.1.0/apiguardian-api-1.1.0.jar:/Users/frafor/.m2/repository/org/opentest4j/opentest4j/1.2.0/opentest4j-1.2.0.jar:/Users/frafor/.m2/repository/org/junit/platform/junit-platform-commons/1.5.0/junit-platform-commons-1.5.0.jar:/Users/frafor/.m2/repository/org/junit/jupiter/junit-jupiter-engine/5.5.0/junit-jupiter-engine-5.5.0.jar:/Users/frafor/.m2/repository/org/junit/platform/junit-platform-engine/1.5.0/junit-platform-engine-1.5.0.jar:"/>
    <property name="sun.cpu.endian" value="little"/>
    <property name="user.home" value="/Users/frafor"/>
    <property name="user.language" value="it"/>
    <property name="java.specification.vendor" value="Oracle Corporation"/>
    <property name="java.home" value="/Library/Java/JavaVirtualMachines/adoptopenjdk-8.jdk/Contents/Home/jre"/>
    <property name="basedir" value="/Users/frafor/PERSONAL/DEVELOPMENT/PROJECTS/PERSONAL/the-internet-karate-testing"/>
    <property name="file.separator" value="/"/>
    <property name="line.separator" value="&#10;"/>
    <property name="java.vm.specification.vendor" value="Oracle Corporation"/>
    <property name="java.specification.name" value="Java Platform API Specification"/>
    <property name="java.awt.graphicsenv" value="sun.awt.CGraphicsEnvironment"/>
    <property name="surefire.real.class.path" value="/Users/frafor/PERSONAL/DEVELOPMENT/PROJECTS/PERSONAL/the-internet-karate-testing/target/surefire/surefirebooter2887544442554468766.jar"/>
    <property name="sun.boot.class.path" value="/Library/Java/JavaVirtualMachines/adoptopenjdk-8.jdk/Contents/Home/jre/lib/resources.jar:/Library/Java/JavaVirtualMachines/adoptopenjdk-8.jdk/Contents/Home/jre/lib/rt.jar:/Library/Java/JavaVirtualMachines/adoptopenjdk-8.jdk/Contents/Home/jre/lib/sunrsasign.jar:/Library/Java/JavaVirtualMachines/adoptopenjdk-8.jdk/Contents/Home/jre/lib/jsse.jar:/Library/Java/JavaVirtualMachines/adoptopenjdk-8.jdk/Contents/Home/jre/lib/jce.jar:/Library/Java/JavaVirtualMachines/adoptopenjdk-8.jdk/Contents/Home/jre/lib/charsets.jar:/Library/Java/JavaVirtualMachines/adoptopenjdk-8.jdk/Contents/Home/jre/lib/jfr.jar:/Library/Java/JavaVirtualMachines/adoptopenjdk-8.jdk/Contents/Home/jre/classes"/>
    <property name="sun.management.compiler" value="HotSpot 64-Bit Tiered Compilers"/>
    <property name="ftp.nonProxyHosts" value="local|*.local|169.254/16|*.169.254/16"/>
    <property name="java.runtime.version" value="1.8.0_242-b08"/>
    <property name="user.name" value="frafor"/>
    <property name="path.separator" value=":"/>
    <property name="os.version" value="10.15.4"/>
    <property name="java.endorsed.dirs" value="/Library/Java/JavaVirtualMachines/adoptopenjdk-8.jdk/Contents/Home/jre/lib/endorsed"/>
    <property name="java.runtime.name" value="OpenJDK Runtime Environment"/>
    <property name="file.encoding" value="UTF-8"/>
    <property name="java.vm.name" value="OpenJDK 64-Bit Server VM"/>
    <property name="localRepository" value="/Users/frafor/.m2/repository"/>
    <property name="java.vendor.url.bug" value="http://bugreport.sun.com/bugreport/"/>
    <property name="java.io.tmpdir" value="/var/folders/2w/zz0zd9y54392psfpt8mp5w5c0000gp/T/"/>
    <property name="java.version" value="1.8.0_242"/>
    <property name="user.dir" value="/Users/frafor/PERSONAL/DEVELOPMENT/PROJECTS/PERSONAL/the-internet-karate-testing"/>
    <property name="os.arch" value="x86_64"/>
    <property name="java.vm.specification.name" value="Java Virtual Machine Specification"/>
    <property name="java.awt.printerjob" value="sun.lwawt.macosx.CPrinterJob"/>
    <property name="sun.os.patch.level" value="unknown"/>
    <property name="java.library.path" value="/Users/frafor/Library/Java/Extensions:/Library/Java/Extensions:/Network/Library/Java/Extensions:/System/Library/Java/Extensions:/usr/lib/java:."/>
    <property name="java.vm.info" value="mixed mode"/>
    <property name="java.vendor" value="AdoptOpenJDK"/>
    <property name="java.vm.version" value="25.242-b08"/>
    <property name="java.ext.dirs" value="/Users/frafor/Library/Java/Extensions:/Library/Java/JavaVirtualMachines/adoptopenjdk-8.jdk/Contents/Home/jre/lib/ext:/Library/Java/Extensions:/Network/Library/Java/Extensions:/System/Library/Java/Extensions:/usr/lib/java"/>
    <property name="sun.io.unicode.encoding" value="UnicodeBig"/>
    <property name="java.class.version" value="52.0"/>
    <property name="socksNonProxyHosts" value="local|*.local|169.254/16|*.169.254/16"/>
  </properties>
  <testcase name="testAll[1][1]" classname="web_testing.ExamplesTest" time="2.415"/>
  <testcase name="testAll[1][2]" classname="web_testing.ExamplesTest" time="0.48"/>
  <testcase name="testAll[2][1]" classname="web_testing.ExamplesTest" time="3.303"/>
  <testcase name="testAll[2][2]" classname="web_testing.ExamplesTest" time="2.74"/>
  <testcase name="testAll[3][1]" classname="web_testing.ExamplesTest" time="0.252"/>
  <testcase name="testAll[3][2]" classname="web_testing.ExamplesTest" time="0.508"/>
</testsuite>